[35m[Appium][39m Welcome to Appium v1.22.2
[35m[Appium][39m Non-default server args:
[35m[Appium][39m   port: 62535
[35m[Appium][39m   loglevel: info
[35m[Appium][39m   tmpDir: C:\Users\yulia\AppData\Local\Temp\\Katalon\Appium\Temp1645100752035
[35m[Appium][39m   chromedriverPort: 62536
[35m[Appium][39m Deprecated server args:
[35m[Appium][39m   [31m--chromedriver-port[39m => --default-capabilities
[35m[Appium][39m Default capabilities, which will be added to each request unless overridden by desired capabilities:
[35m[Appium][39m   chromedriverPort: 62536
[35m[Appium][39m Appium REST http interface listener started on 0.0.0.0:62535
[35m[HTTP][39m [37m-->[39m [37mGET[39m [37m/wd/hub/status[39m
[35m[HTTP][39m [90m{}[39m
[35m[HTTP][39m [37m<-- GET /wd/hub/status [39m[32m200[39m [90m20 ms - 68[39m
[35m[HTTP][39m [90m[39m
[35m[HTTP][39m [37m-->[39m [37mGET[39m [37m/wd/hub/status[39m
[35m[HTTP][39m [90m{}[39m
[35m[HTTP][39m [37m<-- GET /wd/hub/status [39m[32m200[39m [90m4 ms - 68[39m
[35m[HTTP][39m [90m[39m
[35m[HTTP][39m [37m-->[39m [37mPOST[39m [37m/wd/hub/session[39m
[35m[HTTP][39m [90m{"desiredCapabilities":{"app":"C:\\Users\\yulia\\OneDrive - Institut Teknologi Sepuluh Nopember\\Dokumen\\KESIBUKAN\\QA Sevima\\KuisWebsite\\KuisWebsite\\AndroidApp\\app-staging.apk","noReset":true,"deviceName":"samsung SM-A525F (Android 12)","fullReset":false,"platform":"ANDROID","newCommandTimeout":1800,"platformVersion":"12","automationName":"uiautomator2","autoGrantPermissions":true,"platformName":"Android","udid":"RR8R308BH1N","systemPort":62544},"capabilities":{"firstMatch":[{"appium:app":"C:\\Users\\yulia\\OneDrive - Institut Teknologi Sepuluh Nopember\\Dokumen\\KESIBUKAN\\QA Sevima\\KuisWebsite\\KuisWebsite\\AndroidApp\\app-staging.apk","appium:autoGrantPermissions":true,"appium:automationName":"uiautomator2","appium:deviceName":"samsung SM-A525F (Android 12)","appium:fullReset":false,"appium:newCommandTimeout":1800,"appium:noReset":true,"platform":"ANDROID","platformName":"android","appium:platformVersion":"12","appium:systemPort":62544,"appium:udid":"RR8R308BH1N"}]}}[39m
[35m[BaseDriver][39m The following capabilities are not standard capabilities and should have an extension prefix:
[35m[BaseDriver][39m   platform
[35m[BaseDriver][39m   chromedriverPort
[35m[Appium][39m Appium v1.22.2 creating new AndroidUiautomator2Driver (v1.70.1) session
[35m[BaseDriver][39m The following capabilities were provided, but are not recognized by Appium:
[35m[BaseDriver][39m   platform
[35m[BaseDriver][39m Session created with session id: 4aac8bd0-b091-4532-9cc9-0c1b4f432670
[35m[BaseDriver][39m Using local app 'C:\Users\yulia\OneDrive - Institut Teknologi Sepuluh Nopember\Dokumen\KESIBUKAN\QA Sevima\KuisWebsite\KuisWebsite\AndroidApp\app-staging.apk'
[35m[ADB][39m Found 1 'build-tools' folders under 'C:\Users\yulia\.katalon\tools\android_sdk' (newest first):
[35m[ADB][39m     C:/Users/yulia/.katalon/tools/android_sdk/build-tools/29.0.3
[35m[ADB][39m Using 'adb.exe' from 'C:\Users\yulia\.katalon\tools\android_sdk\platform-tools\adb.exe'
[35m[AndroidDriver][39m Retrieving device list
[35m[AndroidDriver][39m Using device: RR8R308BH1N
[35m[ADB][39m Using 'adb.exe' from 'C:\Users\yulia\.katalon\tools\android_sdk\platform-tools\adb.exe'
[35m[ADB][39m Getting device platform version
[35m[UiAutomator2][39m Relaxing hidden api policy
[35m[ADB][39m Package name: 'id.co.sevima.edlink'
[35m[ADB][39m Main activity name: 'id.co.sevima.edlink.app.activities.SplashActivity'
[35m[ADB][39m Using 'apksigner.jar' from 'C:\Users\yulia\.katalon\tools\android_sdk\build-tools\29.0.3\lib\apksigner.jar'
[35m[ADB][39m 'C:\Users\yulia\AppData\Roaming\npm\node_modules\appium\node_modules\appium-uiautomator2-server\apks\appium-uiautomator2-server-v4.27.0.apk' is signed with the default certificate
[35m[ADB][39m 'C:\Users\yulia\AppData\Roaming\npm\node_modules\appium\node_modules\appium-uiautomator2-server\apks\appium-uiautomator2-server-debug-androidTest.apk' is signed with the default certificate
[35m[UiAutomator2][39m Server packages are not going to be (re)installed
[35m[ADB][39m Adding packages ["io.appium.settings","io.appium.uiautomator2.server","io.appium.uiautomator2.server.test"] to Doze whitelist
[35m[ADB][39m 'C:\Users\yulia\OneDrive - Institut Teknologi Sepuluh Nopember\Dokumen\KESIBUKAN\QA Sevima\KuisWebsite\KuisWebsite\AndroidApp\app-staging.apk' is signed with a non-default certificate
[35m[ADB][39m The application at 'C:\Users\yulia\OneDrive - Institut Teknologi Sepuluh Nopember\Dokumen\KESIBUKAN\QA Sevima\KuisWebsite\KuisWebsite\AndroidApp\app-staging.apk' will not be cached, because the device under test has confirmed the support of streamed installs
[35m[ADB][39m The installation of 'app-staging.apk' took 8941ms
[35m[UiAutomator2][39m Starting UIAutomator2 server 4.27.0
[35m[UiAutomator2][39m Using UIAutomator2 server from 'C:\Users\yulia\AppData\Roaming\npm\node_modules\appium\node_modules\appium-uiautomator2-server\apks\appium-uiautomator2-server-v4.27.0.apk' and test from 'C:\Users\yulia\AppData\Roaming\npm\node_modules\appium\node_modules\appium-uiautomator2-server\apks\appium-uiautomator2-server-debug-androidTest.apk'
[35m[UiAutomator2][39m Waiting up to 30000ms for UiAutomator2 to be online...
[35m[WD Proxy][39m socket hang up
[35m[WD Proxy][39m socket hang up
[35m[WD Proxy][39m socket hang up
[35m[WD Proxy][39m socket hang up
[35m[WD Proxy][39m Determined the downstream protocol as 'W3C'
[35m[AndroidDriver][39m Screen already unlocked, doing nothing
[35m[UiAutomator2][39m Starting 'id.co.sevima.edlink/id.co.sevima.edlink.app.activities.SplashActivity and waiting for 'id.co.sevima.edlink/id.co.sevima.edlink.app.activities.SplashActivity'
[35m[Appium][39m New AndroidUiautomator2Driver session created successfully, session 4aac8bd0-b091-4532-9cc9-0c1b4f432670 added to master session list
[35m[HTTP][39m [37m<-- POST /wd/hub/session [39m[32m200[39m [90m28762 ms - 1455[39m
[35m[HTTP][39m [90m[39m
[35m[HTTP][39m [37m-->[39m [37mGET[39m [37m/wd/hub/session/4aac8bd0-b091-4532-9cc9-0c1b4f432670[39m
[35m[HTTP][39m [90m{}[39m
[35m[HTTP][39m [37m<-- GET /wd/hub/session/4aac8bd0-b091-4532-9cc9-0c1b4f432670 [39m[32m200[39m [90m29 ms - 1409[39m
[35m[HTTP][39m [90m[39m
[35m[HTTP][39m [37m-->[39m [37mGET[39m [37m/wd/hub/session/4aac8bd0-b091-4532-9cc9-0c1b4f432670[39m
[35m[HTTP][39m [90m{}[39m
[35m[HTTP][39m [37m<-- GET /wd/hub/session/4aac8bd0-b091-4532-9cc9-0c1b4f432670 [39m[32m200[39m [90m21 ms - 1409[39m
[35m[HTTP][39m [90m[39m
[35m[HTTP][39m [37m-->[39m [37mGET[39m [37m/wd/hub/status[39m
[35m[HTTP][39m [90m{}[39m
[35m[HTTP][39m [37m<-- GET /wd/hub/status [39m[32m200[39m [90m1 ms - 68[39m
[35m[HTTP][39m [90m[39m
[35m[HTTP][39m [37m-->[39m [37mPOST[39m [37m/wd/hub/session/4aac8bd0-b091-4532-9cc9-0c1b4f432670/timeouts[39m
[35m[HTTP][39m [90m{"implicit":60000}[39m
[35m[HTTP][39m [37m<-- POST /wd/hub/session/4aac8bd0-b091-4532-9cc9-0c1b4f432670/timeouts [39m[32m200[39m [90m7 ms - 14[39m
[35m[HTTP][39m [90m[39m
[35m[HTTP][39m [37m-->[39m [37mGET[39m [37m/wd/hub/session/4aac8bd0-b091-4532-9cc9-0c1b4f432670/source[39m
[35m[HTTP][39m [90m{}[39m
[35m[W3C (4aac8bd0)][39m Driver proxy active, passing request on via HTTP proxy
[35m[WD Proxy][39m Replacing sessionId 4f43d45e-67c2-4565-9924-509a81b939e8 with 4aac8bd0-b091-4532-9cc9-0c1b4f432670
[35m[HTTP][39m [37m<-- GET /wd/hub/session/4aac8bd0-b091-4532-9cc9-0c1b4f432670/source [39m[32m200[39m [90m169 ms - 4033[39m
[35m[HTTP][39m [90m[39m
[35m[HTTP][39m [37m-->[39m [37mGET[39m [37m/wd/hub/session/4aac8bd0-b091-4532-9cc9-0c1b4f432670/screenshot[39m
[35m[HTTP][39m [90m{}[39m
[35m[HTTP][39m [37m<-- GET /wd/hub/session/4aac8bd0-b091-4532-9cc9-0c1b4f432670/screenshot [39m[32m200[39m [90m473 ms - 87800[39m
[35m[HTTP][39m [90m[39m
